<?xml version="1.0" encoding="UTF-8"?>
<!-- Generated by org.testng.reporters.JUnitReportReporter -->
<testsuite hostname="LV054211001873" name="molecular.HelloWorld_Main" tests="1" failures="0" timestamp="12 Mar 2020 12:56:51 GMT" time="0.605" errors="0">
  <testcase name="Molecular" time="0.605" classname="molecular.HelloWorld_Main"/>
</testsuite> <!-- molecular.HelloWorld_Main -->
