<?xml version="1.0" encoding="UTF-8"?>
<!-- Generated by org.testng.reporters.JUnitReportReporter -->
<testsuite hostname="LV054211001873" name="molecular.HelloWorld_Main" tests="1" failures="0" timestamp="13 Mar 2020 05:38:12 GMT" time="6.534" errors="0">
  <testcase name="Molecular" time="6.534" classname="molecular.HelloWorld_Main"/>
</testsuite> <!-- molecular.HelloWorld_Main -->
